<?xml version="1.0" encoding="UTF-8"?>
<testsuite name="cg.wbd.grandemonstration.controller.CustomerControllerTest" tests="1" skipped="0" failures="0" errors="0" timestamp="2022-08-11T10:13:00" hostname="PhongTG-Thor" time="0.125">
  <properties/>
  <testcase name="customerBrowseControlling()" classname="cg.wbd.grandemonstration.controller.CustomerControllerTest" time="0.125"/>
  <system-out><![CDATA[]]></system-out>
  <system-err><![CDATA[SLF4J: Failed to load class "org.slf4j.impl.StaticLoggerBinder".
SLF4J: Defaulting to no-operation (NOP) logger implementation
SLF4J: See http://www.slf4j.org/codes.html#StaticLoggerBinder for further details.
Aug 11, 2022 5:12:59 PM org.hibernate.jpa.internal.util.LogHelper logPersistenceUnitInformation
INFO: HHH000204: Processing PersistenceUnitInfo [
	name: default
	...]
Aug 11, 2022 5:12:59 PM org.hibernate.Version logVersion
INFO: HHH000412: Hibernate Core {5.3.0.Final}
Aug 11, 2022 5:12:59 PM org.hibernate.cfg.Environment <clinit>
INFO: HHH000206: hibernate.properties not found
Aug 11, 2022 5:12:59 PM org.hibernate.annotations.common.reflection.java.JavaReflectionManager <clinit>
INFO: HCANN000001: Hibernate Commons Annotations {5.0.3.Final}
Aug 11, 2022 5:12:59 PM org.hibernate.dialect.Dialect <init>
INFO: HHH000400: Using dialect: org.hibernate.dialect.MySQL5Dialect
Aug 11, 2022 5:12:59 PM org.hibernate.type.spi.TypeConfiguration$Scope setSessionFactory
WARN: HHH000233: Scoping types to session factory org.hibernate.internal.SessionFactoryImpl@76d0894d after already scoped org.hibernate.internal.SessionFactoryImpl@76d0894d
Aug 11, 2022 5:13:00 PM org.hibernate.validator.internal.util.Version <clinit>
INFO: HV000001: Hibernate Validator 6.0.10.Final
]]></system-err>
</testsuite>
